<?xml version="1.0" encoding="UTF-8"?>
<robot generator="Robot 7.1.1 (Python 3.12.2 on win32)" generated="2025-01-10T23:24:25.736734" rpa="false" schemaversion="5">
<suite id="s1" name="Lab07-2" source="C:\ChromeForTesting\WebDemo-master\WebDemo-master\login_tests\Lab07-2.robot">
<test id="s1-t1" name="UAT-Lab7-001: กรอกข้อมูลครบถ้วน" line="67">
<kw name="Open Browser To Form Page">
<kw name="Set Selenium Speed" owner="SeleniumLibrary">
<arg>${DELAY}</arg>
<doc>Sets the delay that is waited after each Selenium command.</doc>
<status status="PASS" start="2025-01-10T23:24:25.980095" elapsed="0.000000"/>
</kw>
<kw name="Evaluate" owner="BuiltIn">
<msg time="2025-01-10T23:24:25.981100" level="INFO">${chrome_options} = &lt;selenium.webdriver.chrome.options.Options object at 0x000002356F29D010&gt;</msg>
<var>${chrome_options}</var>
<arg>sys.modules['selenium.webdriver'].ChromeOptions()</arg>
<arg>sys</arg>
<doc>Evaluates the given expression in Python and returns the result.</doc>
<status status="PASS" start="2025-01-10T23:24:25.980095" elapsed="0.001005"/>
</kw>
<kw name="Call Method" owner="BuiltIn">
<arg>${chrome_options}</arg>
<arg>add_argument</arg>
<arg>--no-sandbox</arg>
<doc>Calls the named method of the given object with the provided arguments.</doc>
<status status="PASS" start="2025-01-10T23:24:25.981100" elapsed="0.000507"/>
</kw>
<kw name="Set Variable" owner="BuiltIn">
<msg time="2025-01-10T23:24:25.981607" level="INFO">${chrome_options.binary_location} = C:\ChromeForTesting\WebDemo-master\WebDemo-master\login_tests\Chrome\chrome.exe</msg>
<var>${chrome_options.binary_location}</var>
<arg>${CHROME_BROWSER_PATH}</arg>
<doc>Returns the given values which can then be assigned to a variables.</doc>
<status status="PASS" start="2025-01-10T23:24:25.981607" elapsed="0.000000"/>
</kw>
<kw name="Evaluate" owner="BuiltIn">
<msg time="2025-01-10T23:24:25.982106" level="INFO">${service} = &lt;selenium.webdriver.chrome.service.Service object at 0x000002356F29DC40&gt;</msg>
<var>${service}</var>
<arg>sys.modules["selenium.webdriver.chrome.service"].Service(executable_path=r"${CHROME_DRIVER_PATH}")</arg>
<doc>Evaluates the given expression in Python and returns the result.</doc>
<status status="PASS" start="2025-01-10T23:24:25.981607" elapsed="0.000499"/>
</kw>
<kw name="Create Webdriver" owner="SeleniumLibrary">
<msg time="2025-01-10T23:24:25.982106" level="INFO">Creating an instance of the Chrome WebDriver.</msg>
<arg>Chrome</arg>
<arg>options=${chrome_options}</arg>
<arg>service=${service}</arg>
<doc>Creates an instance of Selenium WebDriver.</doc>
<status status="PASS" start="2025-01-10T23:24:25.982106" elapsed="1.178725"/>
</kw>
<kw name="Go To" owner="SeleniumLibrary">
<msg time="2025-01-10T23:24:27.160831" level="INFO">Opening url 'http://localhost:7272/Form.html'</msg>
<arg>${FORMURL}</arg>
<doc>Navigates the current browser window to the provided ``url``.</doc>
<status status="PASS" start="2025-01-10T23:24:27.160831" elapsed="0.356729"/>
</kw>
<kw name="Form Page Should Be Open">
<kw name="Title Should Be" owner="SeleniumLibrary">
<msg time="2025-01-10T23:24:27.522572" level="INFO">Page title is 'Customer Inquiry'.</msg>
<arg>Customer Inquiry</arg>
<doc>Verifies that the current page title equals ``title``.</doc>
<status status="PASS" start="2025-01-10T23:24:27.518060" elapsed="0.004512"/>
</kw>
<status status="PASS" start="2025-01-10T23:24:27.517560" elapsed="0.005012"/>
</kw>
<status status="PASS" start="2025-01-10T23:24:25.980095" elapsed="1.542477"/>
</kw>
<kw name="Input Fname">
<kw name="Input Text" owner="SeleniumLibrary">
<msg time="2025-01-10T23:24:27.523424" level="INFO">Typing text 'Somsong' into text field 'firstname'.</msg>
<arg>firstname</arg>
<arg>${fname}</arg>
<doc>Types the given ``text`` into the text field identified by ``locator``.</doc>
<status status="PASS" start="2025-01-10T23:24:27.523424" elapsed="0.062999"/>
</kw>
<arg>${fname}</arg>
<status status="PASS" start="2025-01-10T23:24:27.522572" elapsed="0.063851"/>
</kw>
<kw name="Input Lname">
<kw name="Input Text" owner="SeleniumLibrary">
<msg time="2025-01-10T23:24:27.586918" level="INFO">Typing text 'Sandee' into text field 'lastname'.</msg>
<arg>lastname</arg>
<arg>${lname}</arg>
<doc>Types the given ``text`` into the text field identified by ``locator``.</doc>
<status status="PASS" start="2025-01-10T23:24:27.586918" elapsed="0.061914"/>
</kw>
<arg>${lname}</arg>
<status status="PASS" start="2025-01-10T23:24:27.586423" elapsed="0.062409"/>
</kw>
<kw name="Input Destination">
<kw name="Input Text" owner="SeleniumLibrary">
<msg time="2025-01-10T23:24:27.649837" level="INFO">Typing text 'Europe' into text field 'destination'.</msg>
<arg>destination</arg>
<arg>${destination}</arg>
<doc>Types the given ``text`` into the text field identified by ``locator``.</doc>
<status status="PASS" start="2025-01-10T23:24:27.649332" elapsed="0.049581"/>
</kw>
<arg>${destination}</arg>
<status status="PASS" start="2025-01-10T23:24:27.649332" elapsed="0.049581"/>
</kw>
<kw name="Input Contact">
<kw name="Input Text" owner="SeleniumLibrary">
<msg time="2025-01-10T23:24:27.699911" level="INFO">Typing text 'Sodsai Sandee' into text field 'contactperson'.</msg>
<arg>contactperson</arg>
<arg>${contact}</arg>
<doc>Types the given ``text`` into the text field identified by ``locator``.</doc>
<status status="PASS" start="2025-01-10T23:24:27.699412" elapsed="0.050298"/>
</kw>
<arg>${contact}</arg>
<status status="PASS" start="2025-01-10T23:24:27.699412" elapsed="0.050298"/>
</kw>
<kw name="Input Relationship">
<kw name="Input Text" owner="SeleniumLibrary">
<msg time="2025-01-10T23:24:27.750219" level="INFO">Typing text 'Mother' into text field 'relationship'.</msg>
<arg>relationship</arg>
<arg>${relationship}</arg>
<doc>Types the given ``text`` into the text field identified by ``locator``.</doc>
<status status="PASS" start="2025-01-10T23:24:27.750219" elapsed="0.049830"/>
</kw>
<arg>${relationship}</arg>
<status status="PASS" start="2025-01-10T23:24:27.750219" elapsed="0.049830"/>
</kw>
<kw name="Input Email">
<kw name="Input Text" owner="SeleniumLibrary">
<msg time="2025-01-10T23:24:27.801566" level="INFO">Typing text 'somsong@gmail.com' into text field 'email'.</msg>
<arg>email</arg>
<arg>${email}</arg>
<doc>Types the given ``text`` into the text field identified by ``locator``.</doc>
<status status="PASS" start="2025-01-10T23:24:27.801163" elapsed="0.057728"/>
</kw>
<arg>${email}</arg>
<status status="PASS" start="2025-01-10T23:24:27.801112" elapsed="0.057779"/>
</kw>
<kw name="Input Phone">
<kw name="Input Text" owner="SeleniumLibrary">
<msg time="2025-01-10T23:24:27.859392" level="INFO">Typing text '081-111-1234' into text field 'phone'.</msg>
<arg>phone</arg>
<arg>${phone}</arg>
<doc>Types the given ``text`` into the text field identified by ``locator``.</doc>
<status status="PASS" start="2025-01-10T23:24:27.859392" elapsed="0.054490"/>
</kw>
<arg>${phone}</arg>
<status status="PASS" start="2025-01-10T23:24:27.858891" elapsed="0.055487"/>
</kw>
<kw name="Submit Form">
<kw name="Click Button" owner="SeleniumLibrary">
<msg time="2025-01-10T23:24:27.914878" level="INFO">Clicking button 'submitButton'.</msg>
<arg>submitButton</arg>
<doc>Clicks the button identified by ``locator``.</doc>
<status status="PASS" start="2025-01-10T23:24:27.914878" elapsed="0.051420"/>
</kw>
<status status="PASS" start="2025-01-10T23:24:27.914378" elapsed="0.052422"/>
</kw>
<kw name="Complete Page Should Be Open">
<kw name="Title Should Be" owner="SeleniumLibrary">
<msg time="2025-01-10T23:24:28.043971" level="INFO" html="true">&lt;/td&gt;&lt;/tr&gt;&lt;tr&gt;&lt;td colspan="3"&gt;&lt;a href="selenium-screenshot-45.png"&gt;&lt;img src="selenium-screenshot-45.png" width="800px"&gt;&lt;/a&gt;</msg>
<msg time="2025-01-10T23:24:28.044469" level="FAIL">Title should have been 'Completed' but was 'Customer Inquiry'.</msg>
<arg>Completed</arg>
<doc>Verifies that the current page title equals ``title``.</doc>
<status status="FAIL" start="2025-01-10T23:24:27.967298" elapsed="0.078671">Title should have been 'Completed' but was 'Customer Inquiry'.</status>
</kw>
<status status="FAIL" start="2025-01-10T23:24:27.966800" elapsed="0.079169">Title should have been 'Completed' but was 'Customer Inquiry'.</status>
</kw>
<status status="FAIL" start="2025-01-10T23:24:25.978101" elapsed="2.068368">Title should have been 'Completed' but was 'Customer Inquiry'.</status>
</test>
<test id="s1-t2" name="UAT-Lab7-002: กรอกข้อมูลไม่ครบถ้วน" line="79">
<kw name="Open Browser To Form Page">
<kw name="Set Selenium Speed" owner="SeleniumLibrary">
<arg>${DELAY}</arg>
<doc>Sets the delay that is waited after each Selenium command.</doc>
<status status="PASS" start="2025-01-10T23:24:28.048468" elapsed="0.000505"/>
</kw>
<kw name="Evaluate" owner="BuiltIn">
<msg time="2025-01-10T23:24:28.048973" level="INFO">${chrome_options} = &lt;selenium.webdriver.chrome.options.Options object at 0x000002356F29E0C0&gt;</msg>
<var>${chrome_options}</var>
<arg>sys.modules['selenium.webdriver'].ChromeOptions()</arg>
<arg>sys</arg>
<doc>Evaluates the given expression in Python and returns the result.</doc>
<status status="PASS" start="2025-01-10T23:24:28.048973" elapsed="0.000000"/>
</kw>
<kw name="Call Method" owner="BuiltIn">
<arg>${chrome_options}</arg>
<arg>add_argument</arg>
<arg>--no-sandbox</arg>
<doc>Calls the named method of the given object with the provided arguments.</doc>
<status status="PASS" start="2025-01-10T23:24:28.048973" elapsed="0.000000"/>
</kw>
<kw name="Set Variable" owner="BuiltIn">
<msg time="2025-01-10T23:24:28.049472" level="INFO">${chrome_options.binary_location} = C:\ChromeForTesting\WebDemo-master\WebDemo-master\login_tests\Chrome\chrome.exe</msg>
<var>${chrome_options.binary_location}</var>
<arg>${CHROME_BROWSER_PATH}</arg>
<doc>Returns the given values which can then be assigned to a variables.</doc>
<status status="PASS" start="2025-01-10T23:24:28.048973" elapsed="0.000499"/>
</kw>
<kw name="Evaluate" owner="BuiltIn">
<msg time="2025-01-10T23:24:28.049971" level="INFO">${service} = &lt;selenium.webdriver.chrome.service.Service object at 0x000002356F2BCA70&gt;</msg>
<var>${service}</var>
<arg>sys.modules["selenium.webdriver.chrome.service"].Service(executable_path=r"${CHROME_DRIVER_PATH}")</arg>
<doc>Evaluates the given expression in Python and returns the result.</doc>
<status status="PASS" start="2025-01-10T23:24:28.049472" elapsed="0.000499"/>
</kw>
<kw name="Create Webdriver" owner="SeleniumLibrary">
<msg time="2025-01-10T23:24:28.049971" level="INFO">Creating an instance of the Chrome WebDriver.</msg>
<arg>Chrome</arg>
<arg>options=${chrome_options}</arg>
<arg>service=${service}</arg>
<doc>Creates an instance of Selenium WebDriver.</doc>
<status status="PASS" start="2025-01-10T23:24:28.049971" elapsed="1.150155"/>
</kw>
<kw name="Go To" owner="SeleniumLibrary">
<msg time="2025-01-10T23:24:29.200625" level="INFO">Opening url 'http://localhost:7272/Form.html'</msg>
<arg>${FORMURL}</arg>
<doc>Navigates the current browser window to the provided ``url``.</doc>
<status status="PASS" start="2025-01-10T23:24:29.200126" elapsed="0.339622"/>
</kw>
<kw name="Form Page Should Be Open">
<kw name="Title Should Be" owner="SeleniumLibrary">
<msg time="2025-01-10T23:24:29.543851" level="INFO">Page title is 'Customer Inquiry'.</msg>
<arg>Customer Inquiry</arg>
<doc>Verifies that the current page title equals ``title``.</doc>
<status status="PASS" start="2025-01-10T23:24:29.540719" elapsed="0.003132"/>
</kw>
<status status="PASS" start="2025-01-10T23:24:29.539748" elapsed="0.004610"/>
</kw>
<status status="PASS" start="2025-01-10T23:24:28.047968" elapsed="1.496390"/>
</kw>
<kw name="Input Fname">
<kw name="Input Text" owner="SeleniumLibrary">
<msg time="2025-01-10T23:24:29.545047" level="INFO">Typing text 'Somsong' into text field 'firstname'.</msg>
<arg>firstname</arg>
<arg>${fname}</arg>
<doc>Types the given ``text`` into the text field identified by ``locator``.</doc>
<status status="PASS" start="2025-01-10T23:24:29.545047" elapsed="0.077536"/>
</kw>
<arg>${fname}</arg>
<status status="PASS" start="2025-01-10T23:24:29.544358" elapsed="0.078225"/>
</kw>
<kw name="Input Lname">
<kw name="Input Text" owner="SeleniumLibrary">
<msg time="2025-01-10T23:24:29.623093" level="INFO">Typing text 'Sandee' into text field 'lastname'.</msg>
<arg>lastname</arg>
<arg>${lname}</arg>
<doc>Types the given ``text`` into the text field identified by ``locator``.</doc>
<status status="PASS" start="2025-01-10T23:24:29.623093" elapsed="0.058390"/>
</kw>
<arg>${lname}</arg>
<status status="PASS" start="2025-01-10T23:24:29.622583" elapsed="0.059400"/>
</kw>
<kw name="Input Contact">
<kw name="Input Text" owner="SeleniumLibrary">
<msg time="2025-01-10T23:24:29.682484" level="INFO">Typing text 'Sodsai Sandee' into text field 'contactperson'.</msg>
<arg>contactperson</arg>
<arg>${contact}</arg>
<doc>Types the given ``text`` into the text field identified by ``locator``.</doc>
<status status="PASS" start="2025-01-10T23:24:29.682484" elapsed="0.062543"/>
</kw>
<arg>${contact}</arg>
<status status="PASS" start="2025-01-10T23:24:29.681983" elapsed="0.063545"/>
</kw>
<kw name="Input Relationship">
<kw name="Input Text" owner="SeleniumLibrary">
<msg time="2025-01-10T23:24:29.746530" level="INFO">Typing text 'Mother' into text field 'relationship'.</msg>
<arg>relationship</arg>
<arg>${relationship}</arg>
<doc>Types the given ``text`` into the text field identified by ``locator``.</doc>
<status status="PASS" start="2025-01-10T23:24:29.746530" elapsed="0.057020"/>
</kw>
<arg>${relationship}</arg>
<status status="PASS" start="2025-01-10T23:24:29.746031" elapsed="0.057519"/>
</kw>
<kw name="Input Email">
<kw name="Input Text" owner="SeleniumLibrary">
<msg time="2025-01-10T23:24:29.804323" level="INFO">Typing text 'somsong@gmail.com' into text field 'email'.</msg>
<arg>email</arg>
<arg>${email}</arg>
<doc>Types the given ``text`` into the text field identified by ``locator``.</doc>
<status status="PASS" start="2025-01-10T23:24:29.804323" elapsed="0.062055"/>
</kw>
<arg>${email}</arg>
<status status="PASS" start="2025-01-10T23:24:29.804323" elapsed="0.062055"/>
</kw>
<kw name="Input Phone">
<kw name="Input Text" owner="SeleniumLibrary">
<msg time="2025-01-10T23:24:29.866873" level="INFO">Typing text '081-111-1234' into text field 'phone'.</msg>
<arg>phone</arg>
<arg>${phone}</arg>
<doc>Types the given ``text`` into the text field identified by ``locator``.</doc>
<status status="PASS" start="2025-01-10T23:24:29.866873" elapsed="0.053887"/>
</kw>
<arg>${phone}</arg>
<status status="PASS" start="2025-01-10T23:24:29.866873" elapsed="0.053887"/>
</kw>
<kw name="Submit Form">
<kw name="Click Button" owner="SeleniumLibrary">
<msg time="2025-01-10T23:24:29.921266" level="INFO">Clicking button 'submitButton'.</msg>
<arg>submitButton</arg>
<doc>Clicks the button identified by ``locator``.</doc>
<status status="PASS" start="2025-01-10T23:24:29.921266" elapsed="0.055107"/>
</kw>
<status status="PASS" start="2025-01-10T23:24:29.921266" elapsed="0.055107"/>
</kw>
<kw name="Wait Until Element Is Visible" owner="SeleniumLibrary">
<arg>xpath=//p[@id="errors"]</arg>
<arg>timeout=1</arg>
<doc>Waits until the element ``locator`` is visible.</doc>
<status status="PASS" start="2025-01-10T23:24:29.976373" elapsed="0.013854"/>
</kw>
<kw name="Element Text Should Be" owner="SeleniumLibrary">
<msg time="2025-01-10T23:24:29.990227" level="INFO">Verifying element 'xpath=//p[@id="errors"]' contains exact text 'Please enter your destination.'.</msg>
<msg time="2025-01-10T23:24:30.068414" level="INFO" html="true">&lt;/td&gt;&lt;/tr&gt;&lt;tr&gt;&lt;td colspan="3"&gt;&lt;a href="selenium-screenshot-46.png"&gt;&lt;img src="selenium-screenshot-46.png" width="800px"&gt;&lt;/a&gt;</msg>
<msg time="2025-01-10T23:24:30.068915" level="FAIL">The text of element 'xpath=//p[@id="errors"]' should have been 'Please enter your destination.' but it was '*Please enter a valid email!!'.</msg>
<arg>xpath=//p[@id="errors"]</arg>
<arg>Please enter your destination.</arg>
<doc>Verifies that element ``locator`` contains exact the text ``expected``.</doc>
<status status="FAIL" start="2025-01-10T23:24:29.990227" elapsed="0.092729">The text of element 'xpath=//p[@id="errors"]' should have been 'Please enter your destination.' but it was '*Please enter a valid email!!'.</status>
</kw>
<kw name="Close Browser" owner="SeleniumLibrary">
<doc>Closes the current browser.</doc>
<status status="NOT RUN" start="2025-01-10T23:24:30.083463" elapsed="0.000000"/>
</kw>
<status status="FAIL" start="2025-01-10T23:24:28.046969" elapsed="2.036996">The text of element 'xpath=//p[@id="errors"]' should have been 'Please enter your destination.' but it was '*Please enter a valid email!!'.</status>
</test>
<test id="s1-t3" name="UAT-Lab7-0021: กรอกข้อมูลไม่ครบถ้วน" line="92">
<kw name="Open Browser To Form Page">
<kw name="Set Selenium Speed" owner="SeleniumLibrary">
<arg>${DELAY}</arg>
<doc>Sets the delay that is waited after each Selenium command.</doc>
<status status="PASS" start="2025-01-10T23:24:30.085462" elapsed="0.000500"/>
</kw>
<kw name="Evaluate" owner="BuiltIn">
<msg time="2025-01-10T23:24:30.085962" level="INFO">${chrome_options} = &lt;selenium.webdriver.chrome.options.Options object at 0x000002356F2BC830&gt;</msg>
<var>${chrome_options}</var>
<arg>sys.modules['selenium.webdriver'].ChromeOptions()</arg>
<arg>sys</arg>
<doc>Evaluates the given expression in Python and returns the result.</doc>
<status status="PASS" start="2025-01-10T23:24:30.085962" elapsed="0.000000"/>
</kw>
<kw name="Call Method" owner="BuiltIn">
<arg>${chrome_options}</arg>
<arg>add_argument</arg>
<arg>--no-sandbox</arg>
<doc>Calls the named method of the given object with the provided arguments.</doc>
<status status="PASS" start="2025-01-10T23:24:30.086462" elapsed="0.000000"/>
</kw>
<kw name="Set Variable" owner="BuiltIn">
<msg time="2025-01-10T23:24:30.086462" level="INFO">${chrome_options.binary_location} = C:\ChromeForTesting\WebDemo-master\WebDemo-master\login_tests\Chrome\chrome.exe</msg>
<var>${chrome_options.binary_location}</var>
<arg>${CHROME_BROWSER_PATH}</arg>
<doc>Returns the given values which can then be assigned to a variables.</doc>
<status status="PASS" start="2025-01-10T23:24:30.086462" elapsed="0.000000"/>
</kw>
<kw name="Evaluate" owner="BuiltIn">
<msg time="2025-01-10T23:24:30.086962" level="INFO">${service} = &lt;selenium.webdriver.chrome.service.Service object at 0x000002356F2CD670&gt;</msg>
<var>${service}</var>
<arg>sys.modules["selenium.webdriver.chrome.service"].Service(executable_path=r"${CHROME_DRIVER_PATH}")</arg>
<doc>Evaluates the given expression in Python and returns the result.</doc>
<status status="PASS" start="2025-01-10T23:24:30.086462" elapsed="0.000500"/>
</kw>
<kw name="Create Webdriver" owner="SeleniumLibrary">
<msg time="2025-01-10T23:24:30.086962" level="INFO">Creating an instance of the Chrome WebDriver.</msg>
<arg>Chrome</arg>
<arg>options=${chrome_options}</arg>
<arg>service=${service}</arg>
<doc>Creates an instance of Selenium WebDriver.</doc>
<status status="PASS" start="2025-01-10T23:24:30.086962" elapsed="1.171441"/>
</kw>
<kw name="Go To" owner="SeleniumLibrary">
<msg time="2025-01-10T23:24:31.258904" level="INFO">Opening url 'http://localhost:7272/Form.html'</msg>
<arg>${FORMURL}</arg>
<doc>Navigates the current browser window to the provided ``url``.</doc>
<status status="PASS" start="2025-01-10T23:24:31.258904" elapsed="0.368241"/>
</kw>
<kw name="Form Page Should Be Open">
<kw name="Title Should Be" owner="SeleniumLibrary">
<msg time="2025-01-10T23:24:31.644383" level="INFO">Page title is 'Customer Inquiry'.</msg>
<arg>Customer Inquiry</arg>
<doc>Verifies that the current page title equals ``title``.</doc>
<status status="PASS" start="2025-01-10T23:24:31.628215" elapsed="0.016168"/>
</kw>
<status status="PASS" start="2025-01-10T23:24:31.627145" elapsed="0.017238"/>
</kw>
<status status="PASS" start="2025-01-10T23:24:30.085462" elapsed="1.558921"/>
</kw>
<kw name="Input Fname">
<kw name="Input Text" owner="SeleniumLibrary">
<msg time="2025-01-10T23:24:31.645384" level="INFO">Typing text 'Somsong' into text field 'firstname'.</msg>
<arg>firstname</arg>
<arg>${fname}</arg>
<doc>Types the given ``text`` into the text field identified by ``locator``.</doc>
<status status="PASS" start="2025-01-10T23:24:31.644884" elapsed="0.117563"/>
</kw>
<arg>${fname}</arg>
<status status="PASS" start="2025-01-10T23:24:31.644884" elapsed="0.118565"/>
</kw>
<kw name="Input Lname">
<kw name="Input Text" owner="SeleniumLibrary">
<msg time="2025-01-10T23:24:31.764235" level="INFO">Typing text 'Sandee' into text field 'lastname'.</msg>
<arg>lastname</arg>
<arg>${lname}</arg>
<doc>Types the given ``text`` into the text field identified by ``locator``.</doc>
<status status="PASS" start="2025-01-10T23:24:31.764235" elapsed="0.085327"/>
</kw>
<arg>${lname}</arg>
<status status="PASS" start="2025-01-10T23:24:31.763449" elapsed="0.086113"/>
</kw>
<kw name="Input Destination">
<kw name="Input Text" owner="SeleniumLibrary">
<msg time="2025-01-10T23:24:31.851069" level="INFO">Typing text 'Europe' into text field 'destination'.</msg>
<arg>destination</arg>
<arg>${destination}</arg>
<doc>Types the given ``text`` into the text field identified by ``locator``.</doc>
<status status="PASS" start="2025-01-10T23:24:31.850062" elapsed="0.090243"/>
</kw>
<arg>${destination}</arg>
<status status="PASS" start="2025-01-10T23:24:31.850062" elapsed="0.090243"/>
</kw>
<kw name="Input Contact">
<kw name="Input Text" owner="SeleniumLibrary">
<msg time="2025-01-10T23:24:31.941310" level="INFO">Typing text 'Sodsai Sandee' into text field 'contactperson'.</msg>
<arg>contactperson</arg>
<arg>${contact}</arg>
<doc>Types the given ``text`` into the text field identified by ``locator``.</doc>
<status status="PASS" start="2025-01-10T23:24:31.941310" elapsed="0.104554"/>
</kw>
<arg>${contact}</arg>
<status status="PASS" start="2025-01-10T23:24:31.941310" elapsed="0.105538"/>
</kw>
<kw name="Input Relationship">
<kw name="Input Text" owner="SeleniumLibrary">
<msg time="2025-01-10T23:24:32.047570" level="INFO">Typing text 'Mother' into text field 'relationship'.</msg>
<arg>relationship</arg>
<arg>${relationship}</arg>
<doc>Types the given ``text`` into the text field identified by ``locator``.</doc>
<status status="PASS" start="2025-01-10T23:24:32.047570" elapsed="0.055752"/>
</kw>
<arg>${relationship}</arg>
<status status="PASS" start="2025-01-10T23:24:32.046848" elapsed="0.056474"/>
</kw>
<kw name="Input Phone">
<kw name="Input Text" owner="SeleniumLibrary">
<msg time="2025-01-10T23:24:32.104226" level="INFO">Typing text '081-111-1234' into text field 'phone'.</msg>
<arg>phone</arg>
<arg>${phone}</arg>
<doc>Types the given ``text`` into the text field identified by ``locator``.</doc>
<status status="PASS" start="2025-01-10T23:24:32.104226" elapsed="0.064998"/>
</kw>
<arg>${phone}</arg>
<status status="PASS" start="2025-01-10T23:24:32.103322" elapsed="0.066703"/>
</kw>
<kw name="Submit Form">
<kw name="Click Button" owner="SeleniumLibrary">
<msg time="2025-01-10T23:24:32.170532" level="INFO">Clicking button 'submitButton'.</msg>
<arg>submitButton</arg>
<doc>Clicks the button identified by ``locator``.</doc>
<status status="PASS" start="2025-01-10T23:24:32.170532" elapsed="0.063277"/>
</kw>
<status status="PASS" start="2025-01-10T23:24:32.170532" elapsed="0.063277"/>
</kw>
<kw name="Wait Until Element Is Visible" owner="SeleniumLibrary">
<arg>xpath=//p[@id="errors"]</arg>
<arg>timeout=1</arg>
<doc>Waits until the element ``locator`` is visible.</doc>
<status status="PASS" start="2025-01-10T23:24:32.234651" elapsed="0.017374"/>
</kw>
<kw name="Element Text Should Be" owner="SeleniumLibrary">
<msg time="2025-01-10T23:24:32.252531" level="INFO">Verifying element 'xpath=//p[@id="errors"]' contains exact text 'Please enter a valid email address.'.</msg>
<msg time="2025-01-10T23:24:32.353399" level="INFO" html="true">&lt;/td&gt;&lt;/tr&gt;&lt;tr&gt;&lt;td colspan="3"&gt;&lt;a href="selenium-screenshot-47.png"&gt;&lt;img src="selenium-screenshot-47.png" width="800px"&gt;&lt;/a&gt;</msg>
<msg time="2025-01-10T23:24:32.354330" level="FAIL">The text of element 'xpath=//p[@id="errors"]' should have been 'Please enter a valid email address.' but it was '*Please enter an email!!'.</msg>
<arg>xpath=//p[@id="errors"]</arg>
<arg>Please enter a valid email address.</arg>
<doc>Verifies that element ``locator`` contains exact the text ``expected``.</doc>
<status status="FAIL" start="2025-01-10T23:24:32.252531" elapsed="0.101799">The text of element 'xpath=//p[@id="errors"]' should have been 'Please enter a valid email address.' but it was '*Please enter an email!!'.</status>
</kw>
<kw name="Close Browser" owner="SeleniumLibrary">
<doc>Closes the current browser.</doc>
<status status="NOT RUN" start="2025-01-10T23:24:32.354835" elapsed="0.000000"/>
</kw>
<status status="FAIL" start="2025-01-10T23:24:30.084464" elapsed="2.270371">The text of element 'xpath=//p[@id="errors"]' should have been 'Please enter a valid email address.' but it was '*Please enter an email!!'.</status>
</test>
<test id="s1-t4" name="UAT-Lab7-0022: กรอกข้อมูลไม่ครบถ้วน" line="105">
<kw name="Open Browser To Form Page">
<kw name="Set Selenium Speed" owner="SeleniumLibrary">
<arg>${DELAY}</arg>
<doc>Sets the delay that is waited after each Selenium command.</doc>
<status status="PASS" start="2025-01-10T23:24:32.356229" elapsed="0.000725"/>
</kw>
<kw name="Evaluate" owner="BuiltIn">
<msg time="2025-01-10T23:24:32.356954" level="INFO">${chrome_options} = &lt;selenium.webdriver.chrome.options.Options object at 0x000002356F2CF980&gt;</msg>
<var>${chrome_options}</var>
<arg>sys.modules['selenium.webdriver'].ChromeOptions()</arg>
<arg>sys</arg>
<doc>Evaluates the given expression in Python and returns the result.</doc>
<status status="PASS" start="2025-01-10T23:24:32.356954" elapsed="0.000000"/>
</kw>
<kw name="Call Method" owner="BuiltIn">
<arg>${chrome_options}</arg>
<arg>add_argument</arg>
<arg>--no-sandbox</arg>
<doc>Calls the named method of the given object with the provided arguments.</doc>
<status status="PASS" start="2025-01-10T23:24:32.356954" elapsed="0.000504"/>
</kw>
<kw name="Set Variable" owner="BuiltIn">
<msg time="2025-01-10T23:24:32.357458" level="INFO">${chrome_options.binary_location} = C:\ChromeForTesting\WebDemo-master\WebDemo-master\login_tests\Chrome\chrome.exe</msg>
<var>${chrome_options.binary_location}</var>
<arg>${CHROME_BROWSER_PATH}</arg>
<doc>Returns the given values which can then be assigned to a variables.</doc>
<status status="PASS" start="2025-01-10T23:24:32.357458" elapsed="0.000000"/>
</kw>
<kw name="Evaluate" owner="BuiltIn">
<msg time="2025-01-10T23:24:32.357458" level="INFO">${service} = &lt;selenium.webdriver.chrome.service.Service object at 0x000002356F2BFDA0&gt;</msg>
<var>${service}</var>
<arg>sys.modules["selenium.webdriver.chrome.service"].Service(executable_path=r"${CHROME_DRIVER_PATH}")</arg>
<doc>Evaluates the given expression in Python and returns the result.</doc>
<status status="PASS" start="2025-01-10T23:24:32.357458" elapsed="0.000000"/>
</kw>
<kw name="Create Webdriver" owner="SeleniumLibrary">
<msg time="2025-01-10T23:24:32.358397" level="INFO">Creating an instance of the Chrome WebDriver.</msg>
<arg>Chrome</arg>
<arg>options=${chrome_options}</arg>
<arg>service=${service}</arg>
<doc>Creates an instance of Selenium WebDriver.</doc>
<status status="PASS" start="2025-01-10T23:24:32.358397" elapsed="1.167352"/>
</kw>
<kw name="Go To" owner="SeleniumLibrary">
<msg time="2025-01-10T23:24:33.525749" level="INFO">Opening url 'http://localhost:7272/Form.html'</msg>
<arg>${FORMURL}</arg>
<doc>Navigates the current browser window to the provided ``url``.</doc>
<status status="PASS" start="2025-01-10T23:24:33.525749" elapsed="0.343699"/>
</kw>
<kw name="Form Page Should Be Open">
<kw name="Title Should Be" owner="SeleniumLibrary">
<msg time="2025-01-10T23:24:33.875843" level="INFO">Page title is 'Customer Inquiry'.</msg>
<arg>Customer Inquiry</arg>
<doc>Verifies that the current page title equals ``title``.</doc>
<status status="PASS" start="2025-01-10T23:24:33.870454" elapsed="0.005389"/>
</kw>
<status status="PASS" start="2025-01-10T23:24:33.869956" elapsed="0.006390"/>
</kw>
<status status="PASS" start="2025-01-10T23:24:32.356229" elapsed="1.520117"/>
</kw>
<kw name="Input Fname">
<kw name="Input Text" owner="SeleniumLibrary">
<msg time="2025-01-10T23:24:33.877344" level="INFO">Typing text 'Somsong' into text field 'firstname'.</msg>
<arg>firstname</arg>
<arg>${fname}</arg>
<doc>Types the given ``text`` into the text field identified by ``locator``.</doc>
<status status="PASS" start="2025-01-10T23:24:33.877344" elapsed="0.071369"/>
</kw>
<arg>${fname}</arg>
<status status="PASS" start="2025-01-10T23:24:33.876847" elapsed="0.071866"/>
</kw>
<kw name="Input Lname">
<kw name="Input Text" owner="SeleniumLibrary">
<msg time="2025-01-10T23:24:33.949688" level="INFO">Typing text 'Sandee' into text field 'lastname'.</msg>
<arg>lastname</arg>
<arg>${lname}</arg>
<doc>Types the given ``text`` into the text field identified by ``locator``.</doc>
<status status="PASS" start="2025-01-10T23:24:33.949688" elapsed="0.070598"/>
</kw>
<arg>${lname}</arg>
<status status="PASS" start="2025-01-10T23:24:33.948713" elapsed="0.071573"/>
</kw>
<kw name="Input Destination">
<kw name="Input Text" owner="SeleniumLibrary">
<msg time="2025-01-10T23:24:34.021530" level="INFO">Typing text 'Europe' into text field 'destination'.</msg>
<arg>destination</arg>
<arg>${destination}</arg>
<doc>Types the given ``text`` into the text field identified by ``locator``.</doc>
<status status="PASS" start="2025-01-10T23:24:34.021530" elapsed="0.081281"/>
</kw>
<arg>${destination}</arg>
<status status="PASS" start="2025-01-10T23:24:34.020286" elapsed="0.082525"/>
</kw>
<kw name="Input Contact">
<kw name="Input Text" owner="SeleniumLibrary">
<msg time="2025-01-10T23:24:34.103729" level="INFO">Typing text 'Sodsai Sandee' into text field 'contactperson'.</msg>
<arg>contactperson</arg>
<arg>${contact}</arg>
<doc>Types the given ``text`` into the text field identified by ``locator``.</doc>
<status status="PASS" start="2025-01-10T23:24:34.103729" elapsed="0.066920"/>
</kw>
<arg>${contact}</arg>
<status status="PASS" start="2025-01-10T23:24:34.103729" elapsed="0.066920"/>
</kw>
<kw name="Input Relationship">
<kw name="Input Text" owner="SeleniumLibrary">
<msg time="2025-01-10T23:24:34.171654" level="INFO">Typing text 'Mother' into text field 'relationship'.</msg>
<arg>relationship</arg>
<arg>${relationship}</arg>
<doc>Types the given ``text`` into the text field identified by ``locator``.</doc>
<status status="PASS" start="2025-01-10T23:24:34.170649" elapsed="0.049015"/>
</kw>
<arg>${relationship}</arg>
<status status="PASS" start="2025-01-10T23:24:34.170649" elapsed="0.049513"/>
</kw>
<kw name="Input Email">
<kw name="Input Text" owner="SeleniumLibrary">
<msg time="2025-01-10T23:24:34.220663" level="INFO">Typing text 'somsong@' into text field 'email'.</msg>
<arg>email</arg>
<arg>${email}</arg>
<doc>Types the given ``text`` into the text field identified by ``locator``.</doc>
<status status="PASS" start="2025-01-10T23:24:34.220663" elapsed="0.054897"/>
</kw>
<arg>somsong@</arg>
<status status="PASS" start="2025-01-10T23:24:34.220162" elapsed="0.055398"/>
</kw>
<kw name="Input Phone">
<kw name="Input Text" owner="SeleniumLibrary">
<msg time="2025-01-10T23:24:34.276570" level="INFO">Typing text '081-111-1234' into text field 'phone'.</msg>
<arg>phone</arg>
<arg>${phone}</arg>
<doc>Types the given ``text`` into the text field identified by ``locator``.</doc>
<status status="PASS" start="2025-01-10T23:24:34.276071" elapsed="0.056373"/>
</kw>
<arg>${phone}</arg>
<status status="PASS" start="2025-01-10T23:24:34.276071" elapsed="0.056373"/>
</kw>
<kw name="Submit Form">
<kw name="Click Button" owner="SeleniumLibrary">
<msg time="2025-01-10T23:24:34.332947" level="INFO">Clicking button 'submitButton'.</msg>
<arg>submitButton</arg>
<doc>Clicks the button identified by ``locator``.</doc>
<status status="PASS" start="2025-01-10T23:24:34.332947" elapsed="0.052582"/>
</kw>
<status status="PASS" start="2025-01-10T23:24:34.332947" elapsed="0.052582"/>
</kw>
<kw name="Wait Until Element Is Visible" owner="SeleniumLibrary">
<arg>xpath=//p[@id="errors"]</arg>
<arg>timeout=1</arg>
<doc>Waits until the element ``locator`` is visible.</doc>
<status status="PASS" start="2025-01-10T23:24:34.386029" elapsed="0.011013"/>
</kw>
<kw name="Element Text Should Be" owner="SeleniumLibrary">
<msg time="2025-01-10T23:24:34.397542" level="INFO">Verifying element 'xpath=//p[@id="errors"]' contains exact text 'Please enter a valid email address.'.</msg>
<msg time="2025-01-10T23:24:34.473208" level="INFO" html="true">&lt;/td&gt;&lt;/tr&gt;&lt;tr&gt;&lt;td colspan="3"&gt;&lt;a href="selenium-screenshot-48.png"&gt;&lt;img src="selenium-screenshot-48.png" width="800px"&gt;&lt;/a&gt;</msg>
<msg time="2025-01-10T23:24:34.473208" level="FAIL">The text of element 'xpath=//p[@id="errors"]' should have been 'Please enter a valid email address.' but it was '*Please enter a valid email!!'.</msg>
<arg>xpath=//p[@id="errors"]</arg>
<arg>Please enter a valid email address.</arg>
<doc>Verifies that element ``locator`` contains exact the text ``expected``.</doc>
<status status="FAIL" start="2025-01-10T23:24:34.397042" elapsed="0.076664">The text of element 'xpath=//p[@id="errors"]' should have been 'Please enter a valid email address.' but it was '*Please enter a valid email!!'.</status>
</kw>
<kw name="Close Browser" owner="SeleniumLibrary">
<doc>Closes the current browser.</doc>
<status status="NOT RUN" start="2025-01-10T23:24:34.474214" elapsed="0.000000"/>
</kw>
<status status="FAIL" start="2025-01-10T23:24:32.355339" elapsed="2.118875">The text of element 'xpath=//p[@id="errors"]' should have been 'Please enter a valid email address.' but it was '*Please enter a valid email!!'.</status>
</test>
<test id="s1-t5" name="UAT-Lab7-0023: กรอกข้อมูลไม่ครบถ้วน" line="119">
<kw name="Open Browser To Form Page">
<kw name="Set Selenium Speed" owner="SeleniumLibrary">
<arg>${DELAY}</arg>
<doc>Sets the delay that is waited after each Selenium command.</doc>
<status status="PASS" start="2025-01-10T23:24:34.475705" elapsed="0.000000"/>
</kw>
<kw name="Evaluate" owner="BuiltIn">
<msg time="2025-01-10T23:24:34.476205" level="INFO">${chrome_options} = &lt;selenium.webdriver.chrome.options.Options object at 0x000002356F2BC1A0&gt;</msg>
<var>${chrome_options}</var>
<arg>sys.modules['selenium.webdriver'].ChromeOptions()</arg>
<arg>sys</arg>
<doc>Evaluates the given expression in Python and returns the result.</doc>
<status status="PASS" start="2025-01-10T23:24:34.475705" elapsed="0.000500"/>
</kw>
<kw name="Call Method" owner="BuiltIn">
<arg>${chrome_options}</arg>
<arg>add_argument</arg>
<arg>--no-sandbox</arg>
<doc>Calls the named method of the given object with the provided arguments.</doc>
<status status="PASS" start="2025-01-10T23:24:34.476205" elapsed="0.000000"/>
</kw>
<kw name="Set Variable" owner="BuiltIn">
<msg time="2025-01-10T23:24:34.476707" level="INFO">${chrome_options.binary_location} = C:\ChromeForTesting\WebDemo-master\WebDemo-master\login_tests\Chrome\chrome.exe</msg>
<var>${chrome_options.binary_location}</var>
<arg>${CHROME_BROWSER_PATH}</arg>
<doc>Returns the given values which can then be assigned to a variables.</doc>
<status status="PASS" start="2025-01-10T23:24:34.476205" elapsed="0.000502"/>
</kw>
<kw name="Evaluate" owner="BuiltIn">
<msg time="2025-01-10T23:24:34.477206" level="INFO">${service} = &lt;selenium.webdriver.chrome.service.Service object at 0x000002356F2CEAB0&gt;</msg>
<var>${service}</var>
<arg>sys.modules["selenium.webdriver.chrome.service"].Service(executable_path=r"${CHROME_DRIVER_PATH}")</arg>
<doc>Evaluates the given expression in Python and returns the result.</doc>
<status status="PASS" start="2025-01-10T23:24:34.476707" elapsed="0.000499"/>
</kw>
<kw name="Create Webdriver" owner="SeleniumLibrary">
<msg time="2025-01-10T23:24:34.477206" level="INFO">Creating an instance of the Chrome WebDriver.</msg>
<arg>Chrome</arg>
<arg>options=${chrome_options}</arg>
<arg>service=${service}</arg>
<doc>Creates an instance of Selenium WebDriver.</doc>
<status status="PASS" start="2025-01-10T23:24:34.477206" elapsed="1.088432"/>
</kw>
<kw name="Go To" owner="SeleniumLibrary">
<msg time="2025-01-10T23:24:35.566146" level="INFO">Opening url 'http://localhost:7272/Form.html'</msg>
<arg>${FORMURL}</arg>
<doc>Navigates the current browser window to the provided ``url``.</doc>
<status status="PASS" start="2025-01-10T23:24:35.566146" elapsed="0.344827"/>
</kw>
<kw name="Form Page Should Be Open">
<kw name="Title Should Be" owner="SeleniumLibrary">
<msg time="2025-01-10T23:24:35.917131" level="INFO">Page title is 'Customer Inquiry'.</msg>
<arg>Customer Inquiry</arg>
<doc>Verifies that the current page title equals ``title``.</doc>
<status status="PASS" start="2025-01-10T23:24:35.911483" elapsed="0.005648"/>
</kw>
<status status="PASS" start="2025-01-10T23:24:35.910973" elapsed="0.006658"/>
</kw>
<status status="PASS" start="2025-01-10T23:24:34.475705" elapsed="1.441926"/>
</kw>
<kw name="Input Fname">
<kw name="Input Text" owner="SeleniumLibrary">
<msg time="2025-01-10T23:24:35.918135" level="INFO">Typing text 'Somsong' into text field 'firstname'.</msg>
<arg>firstname</arg>
<arg>${fname}</arg>
<doc>Types the given ``text`` into the text field identified by ``locator``.</doc>
<status status="PASS" start="2025-01-10T23:24:35.918135" elapsed="0.079462"/>
</kw>
<arg>${fname}</arg>
<status status="PASS" start="2025-01-10T23:24:35.917631" elapsed="0.079966"/>
</kw>
<kw name="Input Lname">
<kw name="Input Text" owner="SeleniumLibrary">
<msg time="2025-01-10T23:24:35.998485" level="INFO">Typing text 'Sandee' into text field 'lastname'.</msg>
<arg>lastname</arg>
<arg>${lname}</arg>
<doc>Types the given ``text`` into the text field identified by ``locator``.</doc>
<status status="PASS" start="2025-01-10T23:24:35.998485" elapsed="0.071157"/>
</kw>
<arg>${lname}</arg>
<status status="PASS" start="2025-01-10T23:24:35.997597" elapsed="0.072045"/>
</kw>
<kw name="Input Destination">
<kw name="Input Text" owner="SeleniumLibrary">
<msg time="2025-01-10T23:24:36.070469" level="INFO">Typing text 'Europe' into text field 'destination'.</msg>
<arg>destination</arg>
<arg>${destination}</arg>
<doc>Types the given ``text`` into the text field identified by ``locator``.</doc>
<status status="PASS" start="2025-01-10T23:24:36.070469" elapsed="0.071691"/>
</kw>
<arg>${destination}</arg>
<status status="PASS" start="2025-01-10T23:24:36.069642" elapsed="0.072518"/>
</kw>
<kw name="Input Contact">
<kw name="Input Text" owner="SeleniumLibrary">
<msg time="2025-01-10T23:24:36.142659" level="INFO">Typing text 'Sodsai Sandee' into text field 'contactperson'.</msg>
<arg>contactperson</arg>
<arg>${contact}</arg>
<doc>Types the given ``text`` into the text field identified by ``locator``.</doc>
<status status="PASS" start="2025-01-10T23:24:36.142659" elapsed="0.062070"/>
</kw>
<arg>${contact}</arg>
<status status="PASS" start="2025-01-10T23:24:36.142659" elapsed="0.062070"/>
</kw>
<kw name="Input Relationship">
<kw name="Input Text" owner="SeleniumLibrary">
<msg time="2025-01-10T23:24:36.205351" level="INFO">Typing text 'Mother' into text field 'relationship'.</msg>
<arg>relationship</arg>
<arg>${relationship}</arg>
<doc>Types the given ``text`` into the text field identified by ``locator``.</doc>
<status status="PASS" start="2025-01-10T23:24:36.205351" elapsed="0.049013"/>
</kw>
<arg>${relationship}</arg>
<status status="PASS" start="2025-01-10T23:24:36.204729" elapsed="0.049635"/>
</kw>
<kw name="Input Email">
<kw name="Input Text" owner="SeleniumLibrary">
<msg time="2025-01-10T23:24:36.255176" level="INFO">Typing text 'somsong@gmail.com' into text field 'email'.</msg>
<arg>email</arg>
<arg>${email}</arg>
<doc>Types the given ``text`` into the text field identified by ``locator``.</doc>
<status status="PASS" start="2025-01-10T23:24:36.255176" elapsed="0.065264"/>
</kw>
<arg>${email}</arg>
<status status="PASS" start="2025-01-10T23:24:36.255176" elapsed="0.065264"/>
</kw>
<kw name="Submit Form">
<kw name="Click Button" owner="SeleniumLibrary">
<msg time="2025-01-10T23:24:36.321441" level="INFO">Clicking button 'submitButton'.</msg>
<arg>submitButton</arg>
<doc>Clicks the button identified by ``locator``.</doc>
<status status="PASS" start="2025-01-10T23:24:36.320940" elapsed="0.047516"/>
</kw>
<status status="PASS" start="2025-01-10T23:24:36.320940" elapsed="0.047516"/>
</kw>
<kw name="Wait Until Element Is Visible" owner="SeleniumLibrary">
<arg>xpath=//p[@id="errors"]</arg>
<arg>timeout=1</arg>
<doc>Waits until the element ``locator`` is visible.</doc>
<status status="PASS" start="2025-01-10T23:24:36.368456" elapsed="0.013182"/>
</kw>
<kw name="Element Text Should Be" owner="SeleniumLibrary">
<msg time="2025-01-10T23:24:36.382144" level="INFO">Verifying element 'xpath=//p[@id="errors"]' contains exact text 'Please enter a phone number.'.</msg>
<msg time="2025-01-10T23:24:36.468159" level="INFO" html="true">&lt;/td&gt;&lt;/tr&gt;&lt;tr&gt;&lt;td colspan="3"&gt;&lt;a href="selenium-screenshot-49.png"&gt;&lt;img src="selenium-screenshot-49.png" width="800px"&gt;&lt;/a&gt;</msg>
<msg time="2025-01-10T23:24:36.468159" level="FAIL">The text of element 'xpath=//p[@id="errors"]' should have been 'Please enter a phone number.' but it was '*Please enter a valid email!!'.</msg>
<arg>xpath=//p[@id="errors"]</arg>
<arg>Please enter a phone number.</arg>
<doc>Verifies that element ``locator`` contains exact the text ``expected``.</doc>
<status status="FAIL" start="2025-01-10T23:24:36.381638" elapsed="0.087428">The text of element 'xpath=//p[@id="errors"]' should have been 'Please enter a phone number.' but it was '*Please enter a valid email!!'.</status>
</kw>
<kw name="Close Browser" owner="SeleniumLibrary">
<doc>Closes the current browser.</doc>
<status status="NOT RUN" start="2025-01-10T23:24:36.469066" elapsed="0.000000"/>
</kw>
<status status="FAIL" start="2025-01-10T23:24:34.474706" elapsed="1.994360">The text of element 'xpath=//p[@id="errors"]' should have been 'Please enter a phone number.' but it was '*Please enter a valid email!!'.</status>
</test>
<test id="s1-t6" name="UAT-Lab7-0024: กรอกข้อมูลไม่ครบถ้วน" line="132">
<kw name="Open Browser To Form Page">
<kw name="Set Selenium Speed" owner="SeleniumLibrary">
<arg>${DELAY}</arg>
<doc>Sets the delay that is waited after each Selenium command.</doc>
<status status="PASS" start="2025-01-10T23:24:36.471663" elapsed="0.000000"/>
</kw>
<kw name="Evaluate" owner="BuiltIn">
<msg time="2025-01-10T23:24:36.472169" level="INFO">${chrome_options} = &lt;selenium.webdriver.chrome.options.Options object at 0x000002356F2BE720&gt;</msg>
<var>${chrome_options}</var>
<arg>sys.modules['selenium.webdriver'].ChromeOptions()</arg>
<arg>sys</arg>
<doc>Evaluates the given expression in Python and returns the result.</doc>
<status status="PASS" start="2025-01-10T23:24:36.472169" elapsed="0.000000"/>
</kw>
<kw name="Call Method" owner="BuiltIn">
<arg>${chrome_options}</arg>
<arg>add_argument</arg>
<arg>--no-sandbox</arg>
<doc>Calls the named method of the given object with the provided arguments.</doc>
<status status="PASS" start="2025-01-10T23:24:36.472169" elapsed="0.000000"/>
</kw>
<kw name="Set Variable" owner="BuiltIn">
<msg time="2025-01-10T23:24:36.472169" level="INFO">${chrome_options.binary_location} = C:\ChromeForTesting\WebDemo-master\WebDemo-master\login_tests\Chrome\chrome.exe</msg>
<var>${chrome_options.binary_location}</var>
<arg>${CHROME_BROWSER_PATH}</arg>
<doc>Returns the given values which can then be assigned to a variables.</doc>
<status status="PASS" start="2025-01-10T23:24:36.472169" elapsed="0.000000"/>
</kw>
<kw name="Evaluate" owner="BuiltIn">
<msg time="2025-01-10T23:24:36.472670" level="INFO">${service} = &lt;selenium.webdriver.chrome.service.Service object at 0x000002356F33FC50&gt;</msg>
<var>${service}</var>
<arg>sys.modules["selenium.webdriver.chrome.service"].Service(executable_path=r"${CHROME_DRIVER_PATH}")</arg>
<doc>Evaluates the given expression in Python and returns the result.</doc>
<status status="PASS" start="2025-01-10T23:24:36.472169" elapsed="0.000501"/>
</kw>
<kw name="Create Webdriver" owner="SeleniumLibrary">
<msg time="2025-01-10T23:24:36.472670" level="INFO">Creating an instance of the Chrome WebDriver.</msg>
<arg>Chrome</arg>
<arg>options=${chrome_options}</arg>
<arg>service=${service}</arg>
<doc>Creates an instance of Selenium WebDriver.</doc>
<status status="PASS" start="2025-01-10T23:24:36.472670" elapsed="1.162393"/>
</kw>
<kw name="Go To" owner="SeleniumLibrary">
<msg time="2025-01-10T23:24:37.635566" level="INFO">Opening url 'http://localhost:7272/Form.html'</msg>
<arg>${FORMURL}</arg>
<doc>Navigates the current browser window to the provided ``url``.</doc>
<status status="PASS" start="2025-01-10T23:24:37.635063" elapsed="0.344978"/>
</kw>
<kw name="Form Page Should Be Open">
<kw name="Title Should Be" owner="SeleniumLibrary">
<msg time="2025-01-10T23:24:38.001779" level="INFO">Page title is 'Customer Inquiry'.</msg>
<arg>Customer Inquiry</arg>
<doc>Verifies that the current page title equals ``title``.</doc>
<status status="PASS" start="2025-01-10T23:24:37.980745" elapsed="0.021034"/>
</kw>
<status status="PASS" start="2025-01-10T23:24:37.980745" elapsed="0.021540"/>
</kw>
<status status="PASS" start="2025-01-10T23:24:36.470658" elapsed="1.531627"/>
</kw>
<kw name="Input Fname">
<kw name="Input Text" owner="SeleniumLibrary">
<msg time="2025-01-10T23:24:38.002790" level="INFO">Typing text 'Somsong' into text field 'firstname'.</msg>
<arg>firstname</arg>
<arg>${fname}</arg>
<doc>Types the given ``text`` into the text field identified by ``locator``.</doc>
<status status="PASS" start="2025-01-10T23:24:38.002790" elapsed="0.075796"/>
</kw>
<arg>${fname}</arg>
<status status="PASS" start="2025-01-10T23:24:38.002285" elapsed="0.076301"/>
</kw>
<kw name="Input Lname">
<kw name="Input Text" owner="SeleniumLibrary">
<msg time="2025-01-10T23:24:38.080131" level="INFO">Typing text 'Sandee' into text field 'lastname'.</msg>
<arg>lastname</arg>
<arg>${lname}</arg>
<doc>Types the given ``text`` into the text field identified by ``locator``.</doc>
<status status="PASS" start="2025-01-10T23:24:38.079594" elapsed="0.076474"/>
</kw>
<arg>${lname}</arg>
<status status="PASS" start="2025-01-10T23:24:38.079594" elapsed="0.076474"/>
</kw>
<kw name="Input Destination">
<kw name="Input Text" owner="SeleniumLibrary">
<msg time="2025-01-10T23:24:38.157071" level="INFO">Typing text 'Europe' into text field 'destination'.</msg>
<arg>destination</arg>
<arg>${destination}</arg>
<doc>Types the given ``text`` into the text field identified by ``locator``.</doc>
<status status="PASS" start="2025-01-10T23:24:38.156569" elapsed="0.060140"/>
</kw>
<arg>${destination}</arg>
<status status="PASS" start="2025-01-10T23:24:38.156068" elapsed="0.060641"/>
</kw>
<kw name="Input Contact">
<kw name="Input Text" owner="SeleniumLibrary">
<msg time="2025-01-10T23:24:38.217711" level="INFO">Typing text 'Sodsai Sandee' into text field 'contactperson'.</msg>
<arg>contactperson</arg>
<arg>${contact}</arg>
<doc>Types the given ``text`` into the text field identified by ``locator``.</doc>
<status status="PASS" start="2025-01-10T23:24:38.217207" elapsed="0.064529"/>
</kw>
<arg>${contact}</arg>
<status status="PASS" start="2025-01-10T23:24:38.217207" elapsed="0.064529"/>
</kw>
<kw name="Input Relationship">
<kw name="Input Text" owner="SeleniumLibrary">
<msg time="2025-01-10T23:24:38.282245" level="INFO">Typing text 'Mother' into text field 'relationship'.</msg>
<arg>relationship</arg>
<arg>${relationship}</arg>
<doc>Types the given ``text`` into the text field identified by ``locator``.</doc>
<status status="PASS" start="2025-01-10T23:24:38.282245" elapsed="0.049861"/>
</kw>
<arg>${relationship}</arg>
<status status="PASS" start="2025-01-10T23:24:38.282245" elapsed="0.049861"/>
</kw>
<kw name="Input Email">
<kw name="Input Text" owner="SeleniumLibrary">
<msg time="2025-01-10T23:24:38.333103" level="INFO">Typing text 'somsong@gmail.com' into text field 'email'.</msg>
<arg>email</arg>
<arg>${email}</arg>
<doc>Types the given ``text`` into the text field identified by ``locator``.</doc>
<status status="PASS" start="2025-01-10T23:24:38.332603" elapsed="0.060184"/>
</kw>
<arg>${email}</arg>
<status status="PASS" start="2025-01-10T23:24:38.332603" elapsed="0.060184"/>
</kw>
<kw name="Input Phone">
<kw name="Input Text" owner="SeleniumLibrary">
<msg time="2025-01-10T23:24:38.393794" level="INFO">Typing text '191' into text field 'phone'.</msg>
<arg>phone</arg>
<arg>${phone}</arg>
<doc>Types the given ``text`` into the text field identified by ``locator``.</doc>
<status status="PASS" start="2025-01-10T23:24:38.393794" elapsed="0.056588"/>
</kw>
<arg>191</arg>
<status status="PASS" start="2025-01-10T23:24:38.392787" elapsed="0.057595"/>
</kw>
<kw name="Submit Form">
<kw name="Click Button" owner="SeleniumLibrary">
<msg time="2025-01-10T23:24:38.450382" level="INFO">Clicking button 'submitButton'.</msg>
<arg>submitButton</arg>
<doc>Clicks the button identified by ``locator``.</doc>
<status status="PASS" start="2025-01-10T23:24:38.450382" elapsed="0.068286"/>
</kw>
<status status="PASS" start="2025-01-10T23:24:38.450382" elapsed="0.068286"/>
</kw>
<kw name="Wait Until Element Is Visible" owner="SeleniumLibrary">
<arg>xpath=//p[@id="errors"]</arg>
<arg>timeout=1</arg>
<doc>Waits until the element ``locator`` is visible.</doc>
<status status="PASS" start="2025-01-10T23:24:38.519166" elapsed="0.013002"/>
</kw>
<kw name="Element Text Should Be" owner="SeleniumLibrary">
<msg time="2025-01-10T23:24:38.533171" level="INFO">Verifying element 'xpath=//p[@id="errors"]' contains exact text 'Please enter a valid phone number, e.g., 081-234-5678, 081 234 5678, or 081.234.5678)'.</msg>
<msg time="2025-01-10T23:24:38.627200" level="INFO" html="true">&lt;/td&gt;&lt;/tr&gt;&lt;tr&gt;&lt;td colspan="3"&gt;&lt;a href="selenium-screenshot-50.png"&gt;&lt;img src="selenium-screenshot-50.png" width="800px"&gt;&lt;/a&gt;</msg>
<msg time="2025-01-10T23:24:38.627707" level="FAIL">The text of element 'xpath=//p[@id="errors"]' should have been 'Please enter a valid phone number, e.g., 081-234-5678, 081 234 5678, or 081.234.5678)' but it was '*Please enter a valid email!!'.</msg>
<arg>xpath=//p[@id="errors"]</arg>
<arg>Please enter a valid phone number, e.g., 081-234-5678, 081 234 5678, or 081.234.5678)</arg>
<doc>Verifies that element ``locator`` contains exact the text ``expected``.</doc>
<status status="FAIL" start="2025-01-10T23:24:38.532671" elapsed="0.095036">The text of element 'xpath=//p[@id="errors"]' should have been 'Please enter a valid phone number, e.g., 081-234-5678, 081 234 5678, or 081.234.5678)' but it was '*Please enter a valid email!!'.</status>
</kw>
<kw name="Close Browser" owner="SeleniumLibrary">
<doc>Closes the current browser.</doc>
<status status="NOT RUN" start="2025-01-10T23:24:38.627707" elapsed="0.000000"/>
</kw>
<status status="FAIL" start="2025-01-10T23:24:36.470152" elapsed="2.157555">The text of element 'xpath=//p[@id="errors"]' should have been 'Please enter a valid phone number, e.g., 081-234-5678, 081 234 5678, or 081.234.5678)' but it was '*Please enter a valid email!!'.</status>
</test>
<status status="FAIL" start="2025-01-10T23:24:25.737741" elapsed="12.891599"/>
</suite>
<statistics>
<total>
<stat pass="0" fail="6" skip="0">All Tests</stat>
</total>
<tag>
</tag>
<suite>
<stat pass="0" fail="6" skip="0" id="s1" name="Lab07-2">Lab07-2</stat>
</suite>
</statistics>
<errors>
</errors>
</robot>
